[debug] [2020-08-27T17:41:24.085Z] ----------------------------------------------------------------------
[debug] [2020-08-27T17:41:24.095Z] Command:       C:\Program Files\nodejs\node.exe C:\Users\Hp\AppData\Roaming\npm\node_modules\firebase-tools\lib\bin\firebase.js login --reauth
[debug] [2020-08-27T17:41:24.096Z] CLI Version:   8.9.0
[debug] [2020-08-27T17:41:24.096Z] Platform:      win32
[debug] [2020-08-27T17:41:24.097Z] Node Version:  v14.4.0
[debug] [2020-08-27T17:41:24.122Z] Time:          Thu Aug 27 2020 23:11:24 GMT+0530 (India Standard Time)
[debug] [2020-08-27T17:41:24.123Z] ----------------------------------------------------------------------
[debug] [2020-08-27T17:41:24.123Z] 
[info] 
[info] Visit this URL on this device to log in:
[info] https://accounts.google.com/o/oauth2/auth?client_id=563584335869-fgrhgmd47bqnekij5i8b5pr03ho849e6.apps.googleusercontent.com&scope=email%20openid%20https%3A%2F%2Fwww.googleapis.com%2Fauth%2Fcloudplatformprojects.readonly%20https%3A%2F%2Fwww.googleapis.com%2Fauth%2Ffirebase%20https%3A%2F%2Fwww.googleapis.com%2Fauth%2Fcloud-platform&response_type=code&state=287888671&redirect_uri=http%3A%2F%2Flocalhost%3A9005
[info] 
[info] Waiting for authentication...
[debug] [2020-08-27T17:41:39.617Z] >>> HTTP REQUEST POST https://accounts.google.com/o/oauth2/token  
 {"code":"4/3QEIm0S3hUSKlHcLEppQWGWuRWqKyT9XqVZcEal4OPXvNi7DvShmTiN4QxIA_10VHr0oodAQv_CC8HUWcPD_UXg","client_id":"563584335869-fgrhgmd47bqnekij5i8b5pr03ho849e6.apps.googleusercontent.com","client_secret":"j9iVZfS8kkCEFUPaAeJV0sAi","redirect_uri":"http://localhost:9005","grant_type":"authorization_code"}
[debug] [2020-08-27T17:41:41.636Z] Token Fetch Error: FirebaseError: Server Error. tunneling socket could not be established, cause=connect ECONNREFUSED 127.0.0.1:80
    at Request._callback (C:\Users\Hp\AppData\Roaming\npm\node_modules\firebase-tools\lib\api.js:32:31)
    at self.callback (C:\Users\Hp\AppData\Roaming\npm\node_modules\firebase-tools\node_modules\request\request.js:185:22)
    at Request.emit (events.js:315:20)
    at Request.EventEmitter.emit (domain.js:485:12)
    at Request.onRequestError (C:\Users\Hp\AppData\Roaming\npm\node_modules\firebase-tools\node_modules\request\request.js:877:8)
    at ClientRequest.emit (events.js:315:20)
    at ClientRequest.EventEmitter.emit (domain.js:485:12)
    at ClientRequest.onError (C:\Users\Hp\AppData\Roaming\npm\node_modules\firebase-tools\node_modules\tunnel-agent\index.js:179:21)
    at Object.onceWrapper (events.js:422:26)
    at ClientRequest.emit (events.js:315:20)
    at ClientRequest.EventEmitter.emit (domain.js:485:12)
    at Socket.socketErrorListener (_http_client.js:467:9)
    at Socket.emit (events.js:315:20)
    at Socket.EventEmitter.emit (domain.js:485:12)
    at emitErrorNT (internal/streams/destroy.js:100:8)
    at emitErrorCloseNT (internal/streams/destroy.js:68:3)
[debug] [2020-08-27T19:41:02.093Z] ----------------------------------------------------------------------
[debug] [2020-08-27T19:41:02.103Z] Command:       C:\Program Files\nodejs\node.exe C:\Users\Hp\AppData\Roaming\npm\node_modules\firebase-tools\lib\bin\firebase.js login
[debug] [2020-08-27T19:41:02.104Z] CLI Version:   8.9.2
[debug] [2020-08-27T19:41:02.104Z] Platform:      win32
[debug] [2020-08-27T19:41:02.105Z] Node Version:  v14.4.0
[debug] [2020-08-27T19:41:02.107Z] Time:          Fri Aug 28 2020 01:11:02 GMT+0530 (India Standard Time)
[debug] [2020-08-27T19:41:02.108Z] ----------------------------------------------------------------------
[debug] [2020-08-27T19:41:02.108Z] 
[info] i  Firebase optionally collects CLI usage and error reporting information to help improve our products. Data is collected in accordance with Google's privacy policy (https://policies.google.com/privacy) and is not used to identify you.
 
[info] i  To change your data collection preference at any time, run `firebase logout` and log in again. 
[info] 
[info] Visit this URL on this device to log in:
[info] https://accounts.google.com/o/oauth2/auth?client_id=563584335869-fgrhgmd47bqnekij5i8b5pr03ho849e6.apps.googleusercontent.com&scope=email%20openid%20https%3A%2F%2Fwww.googleapis.com%2Fauth%2Fcloudplatformprojects.readonly%20https%3A%2F%2Fwww.googleapis.com%2Fauth%2Ffirebase%20https%3A%2F%2Fwww.googleapis.com%2Fauth%2Fcloud-platform&response_type=code&state=851128077&redirect_uri=http%3A%2F%2Flocalhost%3A9005
[info] 
[info] Waiting for authentication...
[debug] [2020-08-27T19:41:21.749Z] >>> HTTP REQUEST POST https://accounts.google.com/o/oauth2/token  
 {"code":"4/3gFziuLId79V9irIaaSx3nygobtJGZ6YiRv9FLPL4YipdZWb-_1VISv1D78w1JFN6y7dLGcwGMI1EljvBmzEkDI","client_id":"563584335869-fgrhgmd47bqnekij5i8b5pr03ho849e6.apps.googleusercontent.com","client_secret":"j9iVZfS8kkCEFUPaAeJV0sAi","redirect_uri":"http://localhost:9005","grant_type":"authorization_code"}
[debug] [2020-08-27T19:41:23.763Z] Token Fetch Error: FirebaseError: Server Error. tunneling socket could not be established, cause=connect ECONNREFUSED 127.0.0.1:80
    at Request._callback (C:\Users\Hp\AppData\Roaming\npm\node_modules\firebase-tools\lib\api.js:32:31)
    at self.callback (C:\Users\Hp\AppData\Roaming\npm\node_modules\firebase-tools\node_modules\request\request.js:185:22)
    at Request.emit (events.js:315:20)
    at Request.EventEmitter.emit (domain.js:485:12)
    at Request.onRequestError (C:\Users\Hp\AppData\Roaming\npm\node_modules\firebase-tools\node_modules\request\request.js:877:8)
    at ClientRequest.emit (events.js:315:20)
    at ClientRequest.EventEmitter.emit (domain.js:485:12)
    at ClientRequest.onError (C:\Users\Hp\AppData\Roaming\npm\node_modules\firebase-tools\node_modules\tunnel-agent\index.js:179:21)
    at Object.onceWrapper (events.js:422:26)
    at ClientRequest.emit (events.js:315:20)
    at ClientRequest.EventEmitter.emit (domain.js:485:12)
    at Socket.socketErrorListener (_http_client.js:467:9)
    at Socket.emit (events.js:315:20)
    at Socket.EventEmitter.emit (domain.js:485:12)
    at emitErrorNT (internal/streams/destroy.js:100:8)
    at emitErrorCloseNT (internal/streams/destroy.js:68:3)
